<?xml version="1.0" encoding="UTF-8"?>
<testng-results ignored="0" total="2" passed="2" failed="0" skipped="0">
  <reporter-output>
  </reporter-output>
  <suite started-at="2021-12-09T10:58:42Z" name="Suite" finished-at="2021-12-09T10:59:52Z" duration-ms="70000">
    <groups>
    </groups>
    <test started-at="2021-12-09T10:58:42Z" name="Test" finished-at="2021-12-09T10:59:52Z" duration-ms="70000">
      <class name="tests.Apptestbycharge">
        <test-method signature="testmobileappbycharge()[pri:0, instance:tests.Apptestbycharge@ae13544]" started-at="2021-12-09T12:58:42Z" name="testmobileappbycharge" finished-at="2021-12-09T12:59:20Z" duration-ms="37917" status="PASS">
          <reporter-output>
          </reporter-output>
        </test-method> <!-- testmobileappbycharge -->
      </class> <!-- tests.Apptestbycharge -->
      <class name="tests.Apptestchargestatus">
        <test-method signature="testmobileappbychargestatus()[pri:0, instance:tests.Apptestchargestatus@43c1b556]" started-at="2021-12-09T12:59:20Z" name="testmobileappbychargestatus" finished-at="2021-12-09T12:59:52Z" duration-ms="32057" status="PASS">
          <reporter-output>
          </reporter-output>
        </test-method> <!-- testmobileappbychargestatus -->
      </class> <!-- tests.Apptestchargestatus -->
    </test> <!-- Test -->
  </suite> <!-- Suite -->
</testng-results>
